# JRE version: OpenJDK Runtime Environment (8.0_112-b06) (build 1.8.0_112-release-b06)
# Java VM: OpenJDK 64-Bit Server VM (25.112-b06 mixed mode windows-amd64 compressed oops)
Heap:
 PSYoungGen      total 90112K, used 24828K [0x00000000eab00000, 0x00000000f1b80000, 0x0000000100000000)
  eden space 79872K, 28% used [0x00000000eab00000,0x00000000ec0e9b50,0x00000000ef900000)
  from space 10240K, 23% used [0x00000000ef900000,0x00000000efb55740,0x00000000f0300000)
  to   space 10240K, 0% used [0x00000000f1180000,0x00000000f1180000,0x00000000f1b80000)
 ParOldGen       total 61952K, used 20680K [0x00000000c0000000, 0x00000000c3c80000, 0x00000000eab00000)
  object space 61952K, 33% used [0x00000000c0000000,0x00000000c14321d0,0x00000000c3c80000)
 Metaspace       used 43236K, capacity 44300K, committed 44416K, reserved 1087488K
  class space    used 5728K, capacity 6016K, committed 6016K, reserved 1048576K
GC Heap History (10 events):
Event: 33.715 GC heap before
{Heap before GC invocations=15 (full 2):
 PSYoungGen      total 54784K, used 44544K [0x00000000eab00000, 0x00000000eeb00000, 0x0000000100000000)
  eden space 44544K, 100% used [0x00000000eab00000,0x00000000ed680000,0x00000000ed680000)
  from space 10240K, 0% used [0x00000000ee080000,0x00000000ee080000,0x00000000eea80000)
  to   space 10240K, 0% used [0x00000000ed680000,0x00000000ed680000,0x00000000ee080000)
 ParOldGen       total 61952K, used 15093K [0x00000000c0000000, 0x00000000c3c80000, 0x00000000eab00000)
  object space 61952K, 24% used [0x00000000c0000000,0x00000000c0ebd6c8,0x00000000c3c80000)
 Metaspace       used 37435K, capacity 38336K, committed 38656K, reserved 1083392K
  class space    used 5043K, capacity 5288K, committed 5376K, reserved 1048576K
Event: 33.733 GC heap after
Heap after GC invocations=15 (full 2):
 PSYoungGen      total 54784K, used 6331K [0x00000000eab00000, 0x00000000efc00000, 0x0000000100000000)
  eden space 44544K, 0% used [0x00000000eab00000,0x00000000eab00000,0x00000000ed680000)
  from space 10240K, 61% used [0x00000000ed680000,0x00000000edcaec00,0x00000000ee080000)
  to   space 9728K, 0% used [0x00000000ef280000,0x00000000ef280000,0x00000000efc00000)
 ParOldGen       total 61952K, used 15101K [0x00000000c0000000, 0x00000000c3c80000, 0x00000000eab00000)
  object space 61952K, 24% used [0x00000000c0000000,0x00000000c0ebf6c8,0x00000000c3c80000)
 Metaspace       used 37435K, capacity 38336K, committed 38656K, reserved 1083392K
  class space    used 5043K, capacity 5288K, committed 5376K, reserved 1048576K
}
Event: 66.282 GC heap before
{Heap before GC invocations=16 (full 2):
 PSYoungGen      total 54784K, used 50875K [0x00000000eab00000, 0x00000000efc00000, 0x0000000100000000)
  eden space 44544K, 100% used [0x00000000eab00000,0x00000000ed680000,0x00000000ed680000)
  from space 10240K, 61% used [0x00000000ed680000,0x00000000edcaec00,0x00000000ee080000)
  to   space 9728K, 0% used [0x00000000ef280000,0x00000000ef280000,0x00000000efc00000)
 ParOldGen       total 61952K, used 15101K [0x00000000c0000000, 0x00000000c3c80000, 0x00000000eab00000)
  object space 61952K, 24% used [0x00000000c0000000,0x00000000c0ebf6c8,0x00000000c3c80000)
 Metaspace       used 37788K, capacity 38656K, committed 38912K, reserved 1083392K
  class space    used 5084K, capacity 5324K, committed 5376K, reserved 1048576K
Event: 66.289 GC heap after
Heap after GC invocations=16 (full 2):
 PSYoungGen      total 69120K, used 4722K [0x00000000eab00000, 0x00000000efa00000, 0x0000000100000000)
  eden space 61440K, 0% used [0x00000000eab00000,0x00000000eab00000,0x00000000ee700000)
  from space 7680K, 61% used [0x00000000ef280000,0x00000000ef71ca98,0x00000000efa00000)
  to   space 9728K, 0% used [0x00000000ee700000,0x00000000ee700000,0x00000000ef080000)
 ParOldGen       total 61952K, used 15109K [0x00000000c0000000, 0x00000000c3c80000, 0x00000000eab00000)
  object space 61952K, 24% used [0x00000000c0000000,0x00000000c0ec16c8,0x00000000c3c80000)
 Metaspace       used 37788K, capacity 38656K, committed 38912K, reserved 1083392K
  class space    used 5084K, capacity 5324K, committed 5376K, reserved 1048576K
}
Event: 88.486 GC heap before
{Heap before GC invocations=17 (full 2):
 PSYoungGen      total 69120K, used 66162K [0x00000000eab00000, 0x00000000efa00000, 0x0000000100000000)
  eden space 61440K, 100% used [0x00000000eab00000,0x00000000ee700000,0x00000000ee700000)
  from space 7680K, 61% used [0x00000000ef280000,0x00000000ef71ca98,0x00000000efa00000)
  to   space 9728K, 0% used [0x00000000ee700000,0x00000000ee700000,0x00000000ef080000)
 ParOldGen       total 61952K, used 15109K [0x00000000c0000000, 0x00000000c3c80000, 0x00000000eab00000)
  object space 61952K, 24% used [0x00000000c0000000,0x00000000c0ec16c8,0x00000000c3c80000)
 Metaspace       used 42512K, capacity 43502K, committed 43904K, reserved 1087488K
  class space    used 5671K, capacity 5929K, committed 6016K, reserved 1048576K
Event: 88.494 GC heap after
Heap after GC invocations=17 (full 2):
 PSYoungGen      total 71168K, used 2918K [0x00000000eab00000, 0x00000000f0e00000, 0x0000000100000000)
  eden space 61440K, 0% used [0x00000000eab00000,0x00000000eab00000,0x00000000ee700000)
  from space 9728K, 29% used [0x00000000ee700000,0x00000000ee9d9910,0x00000000ef080000)
  to   space 9728K, 0% used [0x00000000f0480000,0x00000000f0480000,0x00000000f0e00000)
 ParOldGen       total 61952K, used 19528K [0x00000000c0000000, 0x00000000c3c80000, 0x00000000eab00000)
  object space 61952K, 31% used [0x00000000c0000000,0x00000000c13121a0,0x00000000c3c80000)
 Metaspace       used 42512K, capacity 43502K, committed 43904K, reserved 1087488K
  class space    used 5671K, capacity 5929K, committed 6016K, reserved 1048576K
}
Event: 90.360 GC heap before
{Heap before GC invocations=18 (full 2):
 PSYoungGen      total 71168K, used 64358K [0x00000000eab00000, 0x00000000f0e00000, 0x0000000100000000)
  eden space 61440K, 100% used [0x00000000eab00000,0x00000000ee700000,0x00000000ee700000)
  from space 9728K, 29% used [0x00000000ee700000,0x00000000ee9d9910,0x00000000ef080000)
  to   space 9728K, 0% used [0x00000000f0480000,0x00000000f0480000,0x00000000f0e00000)
 ParOldGen       total 61952K, used 19528K [0x00000000c0000000, 0x00000000c3c80000, 0x00000000eab00000)
  object space 61952K, 31% used [0x00000000c0000000,0x00000000c13121a0,0x00000000c3c80000)
 Metaspace       used 42774K, capacity 43770K, committed 44160K, reserved 1087488K
  class space    used 5682K, capacity 5931K, committed 6016K, reserved 1048576K
Event: 90.364 GC heap after
Heap after GC invocations=18 (full 2):
 PSYoungGen      total 88576K, used 1781K [0x00000000eab00000, 0x00000000f0d00000, 0x0000000100000000)
  eden space 79872K, 0% used [0x00000000eab00000,0x00000000eab00000,0x00000000ef900000)
  from space 8704K, 20% used [0x00000000f0480000,0x00000000f063d5f0,0x00000000f0d00000)
  to   space 10240K, 0% used [0x00000000ef900000,0x00000000ef900000,0x00000000f0300000)
 ParOldGen       total 61952K, used 20600K [0x00000000c0000000, 0x00000000c3c80000, 0x00000000eab00000)
  object space 61952K, 33% used [0x00000000c0000000,0x00000000c141e1d0,0x00000000c3c80000)
 Metaspace       used 42774K, capacity 43770K, committed 44160K, reserved 1087488K
  class space    used 5682K, capacity 5931K, committed 6016K, reserved 1048576K
}
Event: 91.654 GC heap before
{Heap before GC invocations=19 (full 2):
 PSYoungGen      total 88576K, used 81653K [0x00000000eab00000, 0x00000000f0d00000, 0x0000000100000000)
  eden space 79872K, 100% used [0x00000000eab00000,0x00000000ef900000,0x00000000ef900000)
  from space 8704K, 20% used [0x00000000f0480000,0x00000000f063d5f0,0x00000000f0d00000)
  to   space 10240K, 0% used [0x00000000ef900000,0x00000000ef900000,0x00000000f0300000)
 ParOldGen       total 61952K, used 20600K [0x00000000c0000000, 0x00000000c3c80000, 0x00000000eab00000)
  object space 61952K, 33% used [0x00000000c0000000,0x00000000c141e1d0,0x00000000c3c80000)
 Metaspace       used 42872K, capacity 43852K, committed 44160K, reserved 1087488K
  class space    used 5683K, capacity 5934K, committed 6016K, reserved 1048576K
Event: 91.658 GC heap after
Heap after GC invocations=19 (full 2):
 PSYoungGen      total 90112K, used 2389K [0x00000000eab00000, 0x00000000f1b80000, 0x0000000100000000)
  eden space 79872K, 0% used [0x00000000eab00000,0x00000000eab00000,0x00000000ef900000)
  from space 10240K, 23% used [0x00000000ef900000,0x00000000efb55740,0x00000000f0300000)
  to   space 10240K, 0% used [0x00000000f1180000,0x00000000f1180000,0x00000000f1b80000)
 ParOldGen       total 61952K, used 20680K [0x00000000c0000000, 0x00000000c3c80000, 0x00000000eab00000)
  object space 61952K, 33% used [0x00000000c0000000,0x00000000c14321d0,0x00000000c3c80000)
 Metaspace       used 42872K, capacity 43852K, committed 44160K, reserved 1087488K
  class space    used 5683K, capacity 5934K, committed 6016K, reserved 1048576K
}

